{"time": "2025-08-10 03:17:20,078", "level": "INFO", "name": "root", "message": "Synthetic data saved to c:\\Users\\wangh\\OneDrive\\Desktop\\Class\\Summer 2025\\CST 690 100 Robotic Process Automation\\Week5\\code\\data\\synthetic_data.json"}
{"time": "2025-08-10 03:17:20,093", "level": "INFO", "name": "root", "message": "Run count: 1"}
{"time": "2025-08-10 03:17:21,335", "level": "INFO", "name": "root", "message": "Synthetic data saved to c:\\Users\\wangh\\OneDrive\\Desktop\\Class\\Summer 2025\\CST 690 100 Robotic Process Automation\\Week5\\code\\data\\synthetic_data.json"}
{"time": "2025-08-10 03:17:21,354", "level": "INFO", "name": "root", "message": "Run count: 2"}
{"time": "2025-08-10 03:17:22,587", "level": "INFO", "name": "root", "message": "Synthetic data saved to c:\\Users\\wangh\\OneDrive\\Desktop\\Class\\Summer 2025\\CST 690 100 Robotic Process Automation\\Week5\\code\\data\\synthetic_data.json"}
{"time": "2025-08-10 03:17:22,603", "level": "INFO", "name": "root", "message": "Run count: 3"}
{"time": "2025-08-10 03:17:23,837", "level": "INFO", "name": "root", "message": "Synthetic data saved to c:\\Users\\wangh\\OneDrive\\Desktop\\Class\\Summer 2025\\CST 690 100 Robotic Process Automation\\Week5\\code\\data\\synthetic_data.json"}
{"time": "2025-08-10 03:17:23,855", "level": "INFO", "name": "root", "message": "Run count: 4"}
{"time": "2025-08-10 03:17:25,086", "level": "INFO", "name": "root", "message": "Synthetic data saved to c:\\Users\\wangh\\OneDrive\\Desktop\\Class\\Summer 2025\\CST 690 100 Robotic Process Automation\\Week5\\code\\data\\synthetic_data.json"}
{"time": "2025-08-10 03:17:25,102", "level": "INFO", "name": "root", "message": "Run count: 5"}
{"time": "2025-08-10 03:17:26,611", "level": "INFO", "name": "root", "message": "User chose to stop the loop."}
{"time": "2025-08-10 03:17:26,901", "level": "INFO", "name": "root", "message": "\nOutcome percentage comparison:\n             Old (%)    New (%)\noutcome                        \nfailure    16.395609   6.164059\ntimeout    16.497256   6.922712\ncancelled  16.812360   6.661925\nsuccess    50.294775  80.251304"}
{"time": "2025-08-10 03:17:26,902", "level": "INFO", "name": "root", "message": "Old data rows: 9838, New data rows: 4218"}
{"time": "2025-08-10 03:17:26,902", "level": "INFO", "name": "root", "message": "Old unique outcomes: {'timeout', 'cancelled', 'success', 'failure'}, New unique outcomes: {'timeout', 'success', 'cancelled', 'failure'}"}
{"time": "2025-08-10 03:17:26,903", "level": "INFO", "name": "root", "message": "Old unique priorities: {'critical', 'medium', 'high', 'low'}, New unique priorities: {'critical', 'medium', 'high', 'low'}"}
{"time": "2025-08-10 03:17:26,903", "level": "INFO", "name": "root", "message": "Old duration sum: 596922.90, New duration sum: 254574.56"}
{"time": "2025-08-10 03:17:26,903", "level": "INFO", "name": "root", "message": "Old duration mean: 60.68, New duration mean: 60.35"}
{"time": "2025-08-10 03:17:26,906", "level": "INFO", "name": "root", "message": "Old outcome counts: {'success': 4948, 'cancelled': 1654, 'timeout': 1623, 'failure': 1613}"}
{"time": "2025-08-10 03:17:26,907", "level": "INFO", "name": "root", "message": "New outcome counts: {'success': 3385, 'timeout': 292, 'cancelled': 281, 'failure': 260}"}
{"time": "2025-08-10 03:17:26,907", "level": "INFO", "name": "root", "message": "Outcome 'cancelled': old count = 1654, new count = 281, diff = -1373"}
{"time": "2025-08-10 03:17:26,908", "level": "INFO", "name": "root", "message": "Outcome 'failure': old count = 1613, new count = 260, diff = -1353"}
{"time": "2025-08-10 03:17:26,908", "level": "INFO", "name": "root", "message": "Outcome 'success': old count = 4948, new count = 3385, diff = -1563"}
{"time": "2025-08-10 03:17:26,909", "level": "INFO", "name": "root", "message": "Outcome 'timeout': old count = 1623, new count = 292, diff = -1331"}
{"time": "2025-08-10 03:17:26,909", "level": "INFO", "name": "root", "message": "Data reduced: 5620 fewer rows."}
{"time": "2025-08-10 03:17:26,910", "level": "INFO", "name": "root", "message": "'failure' count decreased by 1353."}
